2025-05-11 17:09:39,041 - __main__ - ERROR - Error loading phoneme to viseme mapping: [Errno 2] No such file or directory: '/Users/quyetnguyen/Project/Lip-sync/vietnamese-phoneme-to-viseme.json'
2025-05-11 17:09:55,206 - __main__ - INFO - Loaded phoneme to viseme mapping from /Users/quyetnguyen/Project/Lip-sync/data/vietnamese-phoneme-to-viseme.json
2025-05-11 17:09:55,419 - __mp_main__ - INFO - Loaded phoneme to viseme mapping from /Users/quyetnguyen/Project/Lip-sync/data/vietnamese-phoneme-to-viseme.json
2025-05-11 17:09:55,445 - api_vi - INFO - Loaded phoneme to viseme mapping from /Users/quyetnguyen/Project/Lip-sync/data/vietnamese-phoneme-to-viseme.json
2025-05-11 17:10:54,568 - api_vi - INFO - Request a100885b-2a05-4093-8b9c-cfbf314d5708: Processing viseme generation
2025-05-11 17:10:54,572 - api_vi - INFO - Request a100885b-2a05-4093-8b9c-cfbf314d5708: Saved audio file to /var/folders/yw/r8k79wj55tqgd4bxdrhy29bm0000gn/T/viseme_api/uploads/a100885b-2a05-4093-8b9c-cfbf314d5708_audio.wav
2025-05-11 17:10:54,574 - api_vi - INFO - Created lab file at /var/folders/yw/r8k79wj55tqgd4bxdrhy29bm0000gn/T/viseme_api/uploads/a100885b-2a05-4093-8b9c-cfbf314d5708_transcript.txt
2025-05-11 17:10:54,574 - api_vi - INFO - Starting MFA alignment: /var/folders/yw/r8k79wj55tqgd4bxdrhy29bm0000gn/T/viseme_api/uploads/a100885b-2a05-4093-8b9c-cfbf314d5708_audio.wav with /var/folders/yw/r8k79wj55tqgd4bxdrhy29bm0000gn/T/viseme_api/uploads/a100885b-2a05-4093-8b9c-cfbf314d5708_transcript.txt
2025-05-11 17:10:58,800 - api_vi - INFO - MFA alignment completed in 4.23s
2025-05-11 17:10:58,801 - api_vi - INFO - Request a100885b-2a05-4093-8b9c-cfbf314d5708: Completed in 4.23s with 31 visemes
2025-05-11 17:10:58,808 - api_vi - INFO - Deleted temporary file: /var/folders/yw/r8k79wj55tqgd4bxdrhy29bm0000gn/T/viseme_api/uploads/a100885b-2a05-4093-8b9c-cfbf314d5708_audio.wav
2025-05-11 17:10:58,808 - api_vi - INFO - Deleted temporary file: /var/folders/yw/r8k79wj55tqgd4bxdrhy29bm0000gn/T/viseme_api/uploads/a100885b-2a05-4093-8b9c-cfbf314d5708_transcript.txt
2025-05-11 17:10:58,808 - api_vi - INFO - Deleted temporary file: /var/folders/yw/r8k79wj55tqgd4bxdrhy29bm0000gn/T/viseme_api/results/a100885b-2a05-4093-8b9c-cfbf314d5708_alignment.json
2025-05-11 17:16:53,445 - __mp_main__ - INFO - Loaded phoneme to viseme mapping from /Users/quyetnguyen/Project/Lip-sync/data/vietnamese-phoneme-to-viseme.json
2025-05-11 17:16:53,481 - api_vi - INFO - Loaded phoneme to viseme mapping from /Users/quyetnguyen/Project/Lip-sync/data/vietnamese-phoneme-to-viseme.json
2025-05-11 17:17:05,789 - __mp_main__ - INFO - Loaded phoneme to viseme mapping from /Users/quyetnguyen/Project/Lip-sync/data/vietnamese-phoneme-to-viseme.json
2025-05-11 17:17:05,818 - api_vi - INFO - Loaded phoneme to viseme mapping from /Users/quyetnguyen/Project/Lip-sync/data/vietnamese-phoneme-to-viseme.json
2025-05-11 17:19:13,695 - api_vi - INFO - Request ae4c15c1-f33b-42d8-ad92-22f207523979: Processing viseme generation
2025-05-11 17:19:13,699 - api_vi - INFO - Request ae4c15c1-f33b-42d8-ad92-22f207523979: Saved audio file to /var/folders/yw/r8k79wj55tqgd4bxdrhy29bm0000gn/T/viseme_api/uploads/ae4c15c1-f33b-42d8-ad92-22f207523979_audio.wav
2025-05-11 17:19:13,699 - api_vi - INFO - Created lab file at /var/folders/yw/r8k79wj55tqgd4bxdrhy29bm0000gn/T/viseme_api/uploads/ae4c15c1-f33b-42d8-ad92-22f207523979_transcript.txt
2025-05-11 17:19:13,699 - api_vi - INFO - Starting MFA alignment: /var/folders/yw/r8k79wj55tqgd4bxdrhy29bm0000gn/T/viseme_api/uploads/ae4c15c1-f33b-42d8-ad92-22f207523979_audio.wav with /var/folders/yw/r8k79wj55tqgd4bxdrhy29bm0000gn/T/viseme_api/uploads/ae4c15c1-f33b-42d8-ad92-22f207523979_transcript.txt
2025-05-11 17:19:18,725 - api_vi - INFO - MFA alignment completed in 5.03s
2025-05-11 17:19:18,726 - api_vi - INFO - Request ae4c15c1-f33b-42d8-ad92-22f207523979: Completed in 5.03s with 358 visemes
2025-05-11 17:19:18,731 - api_vi - INFO - Deleted temporary file: /var/folders/yw/r8k79wj55tqgd4bxdrhy29bm0000gn/T/viseme_api/uploads/ae4c15c1-f33b-42d8-ad92-22f207523979_audio.wav
2025-05-11 17:19:18,731 - api_vi - INFO - Deleted temporary file: /var/folders/yw/r8k79wj55tqgd4bxdrhy29bm0000gn/T/viseme_api/uploads/ae4c15c1-f33b-42d8-ad92-22f207523979_transcript.txt
2025-05-11 17:19:18,731 - api_vi - INFO - Deleted temporary file: /var/folders/yw/r8k79wj55tqgd4bxdrhy29bm0000gn/T/viseme_api/results/ae4c15c1-f33b-42d8-ad92-22f207523979_alignment.json
